{"C:\\dev\\auto-import-helper\\index.js": {"path":"C:\\dev\\auto-import-helper\\index.js","statementMap":{"0":{"start":{"line":2,"column":20},"end":{"line":2,"column":43}},"1":{"start":{"line":3,"column":22},"end":{"line":3,"column":47}},"2":{"start":{"line":4,"column":13},"end":{"line":4,"column":28}},"3":{"start":{"line":5,"column":11},"end":{"line":5,"column":24}},"4":{"start":{"line":20,"column":6},"end":{"line":20,"column":13}},"5":{"start":{"line":22,"column":14},"end":{"line":22,"column":46}},"6":{"start":{"line":24,"column":2},"end":{"line":59,"column":3}},"7":{"start":{"line":26,"column":4},"end":{"line":55,"column":5}},"8":{"start":{"line":27,"column":25},"end":{"line":27,"column":64}},"9":{"start":{"line":28,"column":6},"end":{"line":30,"column":7}},"10":{"start":{"line":29,"column":8},"end":{"line":29,"column":64}},"11":{"start":{"line":31,"column":6},"end":{"line":31,"column":46}},"12":{"start":{"line":33,"column":6},"end":{"line":39,"column":7}},"13":{"start":{"line":34,"column":8},"end":{"line":34,"column":71}},"14":{"start":{"line":35,"column":13},"end":{"line":39,"column":7}},"15":{"start":{"line":36,"column":8},"end":{"line":36,"column":71}},"16":{"start":{"line":38,"column":8},"end":{"line":38,"column":85}},"17":{"start":{"line":43,"column":27},"end":{"line":43,"column":71}},"18":{"start":{"line":44,"column":27},"end":{"line":44,"column":71}},"19":{"start":{"line":46,"column":6},"end":{"line":54,"column":7}},"20":{"start":{"line":47,"column":8},"end":{"line":47,"column":35}},"21":{"start":{"line":48,"column":8},"end":{"line":48,"column":73}},"22":{"start":{"line":49,"column":13},"end":{"line":54,"column":7}},"23":{"start":{"line":50,"column":8},"end":{"line":50,"column":35}},"24":{"start":{"line":51,"column":8},"end":{"line":51,"column":73}},"25":{"start":{"line":53,"column":8},"end":{"line":53,"column":67}},"26":{"start":{"line":57,"column":4},"end":{"line":57,"column":74}},"27":{"start":{"line":58,"column":4},"end":{"line":58,"column":14}},"28":{"start":{"line":71,"column":50},"end":{"line":71,"column":57}},"29":{"start":{"line":72,"column":14},"end":{"line":72,"column":46}},"30":{"start":{"line":74,"column":2},"end":{"line":106,"column":3}},"31":{"start":{"line":75,"column":26},"end":{"line":75,"column":61}},"32":{"start":{"line":76,"column":19},"end":{"line":76,"column":44}},"33":{"start":{"line":78,"column":31},"end":{"line":78,"column":59}},"34":{"start":{"line":80,"column":4},"end":{"line":82,"column":5}},"35":{"start":{"line":81,"column":6},"end":{"line":81,"column":68}},"36":{"start":{"line":84,"column":4},"end":{"line":84,"column":37}},"37":{"start":{"line":85,"column":4},"end":{"line":85,"column":31}},"38":{"start":{"line":88,"column":4},"end":{"line":91,"column":7}},"39":{"start":{"line":94,"column":4},"end":{"line":96,"column":5}},"40":{"start":{"line":95,"column":6},"end":{"line":95,"column":44}},"41":{"start":{"line":98,"column":4},"end":{"line":100,"column":5}},"42":{"start":{"line":99,"column":6},"end":{"line":99,"column":76}},"43":{"start":{"line":102,"column":4},"end":{"line":102,"column":30}},"44":{"start":{"line":104,"column":4},"end":{"line":104,"column":72}},"45":{"start":{"line":105,"column":4},"end":{"line":105,"column":14}},"46":{"start":{"line":118,"column":50},"end":{"line":118,"column":57}},"47":{"start":{"line":119,"column":14},"end":{"line":119,"column":46}},"48":{"start":{"line":121,"column":2},"end":{"line":158,"column":3}},"49":{"start":{"line":122,"column":26},"end":{"line":122,"column":61}},"50":{"start":{"line":123,"column":19},"end":{"line":123,"column":44}},"51":{"start":{"line":125,"column":31},"end":{"line":125,"column":59}},"52":{"start":{"line":127,"column":4},"end":{"line":129,"column":5}},"53":{"start":{"line":128,"column":6},"end":{"line":128,"column":68}},"54":{"start":{"line":131,"column":4},"end":{"line":131,"column":37}},"55":{"start":{"line":132,"column":4},"end":{"line":132,"column":31}},"56":{"start":{"line":134,"column":20},"end":{"line":134,"column":40}},"57":{"start":{"line":137,"column":4},"end":{"line":145,"column":7}},"58":{"start":{"line":139,"column":25},"end":{"line":139,"column":51}},"59":{"start":{"line":140,"column":24},"end":{"line":140,"column":60}},"60":{"start":{"line":141,"column":23},"end":{"line":141,"column":81}},"61":{"start":{"line":143,"column":6},"end":{"line":143,"column":37}},"62":{"start":{"line":144,"column":6},"end":{"line":144,"column":60}},"63":{"start":{"line":148,"column":4},"end":{"line":148,"column":36}},"64":{"start":{"line":150,"column":4},"end":{"line":152,"column":5}},"65":{"start":{"line":151,"column":6},"end":{"line":151,"column":76}},"66":{"start":{"line":154,"column":4},"end":{"line":154,"column":19}},"67":{"start":{"line":156,"column":4},"end":{"line":156,"column":72}},"68":{"start":{"line":157,"column":4},"end":{"line":157,"column":14}},"69":{"start":{"line":174,"column":6},"end":{"line":174,"column":13}},"70":{"start":{"line":176,"column":25},"end":{"line":176,"column":74}},"71":{"start":{"line":177,"column":21},"end":{"line":177,"column":64}},"72":{"start":{"line":180,"column":2},"end":{"line":183,"column":3}},"73":{"start":{"line":181,"column":4},"end":{"line":181,"column":75}},"74":{"start":{"line":182,"column":4},"end":{"line":182,"column":17}},"75":{"start":{"line":186,"column":16},"end":{"line":188,"column":3}},"76":{"start":{"line":191,"column":2},"end":{"line":195,"column":5}},"77":{"start":{"line":193,"column":23},"end":{"line":193,"column":66}},"78":{"start":{"line":194,"column":4},"end":{"line":194,"column":74}},"79":{"start":{"line":197,"column":21},"end":{"line":202,"column":3}},"80":{"start":{"line":205,"column":2},"end":{"line":214,"column":3}},"81":{"start":{"line":206,"column":4},"end":{"line":213,"column":7}},"82":{"start":{"line":216,"column":2},"end":{"line":223,"column":3}},"83":{"start":{"line":217,"column":4},"end":{"line":217,"column":70}},"84":{"start":{"line":218,"column":4},"end":{"line":218,"column":72}},"85":{"start":{"line":219,"column":4},"end":{"line":219,"column":16}},"86":{"start":{"line":221,"column":4},"end":{"line":221,"column":70}},"87":{"start":{"line":222,"column":4},"end":{"line":222,"column":17}},"88":{"start":{"line":226,"column":0},"end":{"line":231,"column":2}}},"fnMap":{"0":{"name":"setupAliases","decl":{"start":{"line":15,"column":9},"end":{"line":15,"column":21}},"loc":{"start":{"line":15,"column":36},"end":{"line":60,"column":1}},"line":15},"1":{"name":"(anonymous_1)","decl":{"start":{"line":22,"column":38},"end":{"line":22,"column":39}},"loc":{"start":{"line":22,"column":44},"end":{"line":22,"column":46}},"line":22},"2":{"name":"registerTSPaths","decl":{"start":{"line":70,"column":9},"end":{"line":70,"column":24}},"loc":{"start":{"line":70,"column":51},"end":{"line":107,"column":1}},"line":70},"3":{"name":"(anonymous_3)","decl":{"start":{"line":72,"column":38},"end":{"line":72,"column":39}},"loc":{"start":{"line":72,"column":44},"end":{"line":72,"column":46}},"line":72},"4":{"name":"registerJSPaths","decl":{"start":{"line":117,"column":9},"end":{"line":117,"column":24}},"loc":{"start":{"line":117,"column":51},"end":{"line":159,"column":1}},"line":117},"5":{"name":"(anonymous_5)","decl":{"start":{"line":119,"column":38},"end":{"line":119,"column":39}},"loc":{"start":{"line":119,"column":44},"end":{"line":119,"column":46}},"line":119},"6":{"name":"(anonymous_6)","decl":{"start":{"line":137,"column":31},"end":{"line":137,"column":32}},"loc":{"start":{"line":137,"column":42},"end":{"line":145,"column":5}},"line":137},"7":{"name":"createConfigWithAliases","decl":{"start":{"line":169,"column":9},"end":{"line":169,"column":32}},"loc":{"start":{"line":169,"column":47},"end":{"line":224,"column":1}},"line":169},"8":{"name":"(anonymous_8)","decl":{"start":{"line":191,"column":28},"end":{"line":191,"column":29}},"loc":{"start":{"line":191,"column":37},"end":{"line":195,"column":3}},"line":191}},"branchMap":{"0":{"loc":{"start":{"line":15,"column":22},"end":{"line":15,"column":34}},"type":"default-arg","locations":[{"start":{"line":15,"column":32},"end":{"line":15,"column":34}}],"line":15},"1":{"loc":{"start":{"line":18,"column":4},"end":{"line":18,"column":19}},"type":"default-arg","locations":[{"start":{"line":18,"column":14},"end":{"line":18,"column":19}}],"line":18},"2":{"loc":{"start":{"line":19,"column":4},"end":{"line":19,"column":22}},"type":"default-arg","locations":[{"start":{"line":19,"column":20},"end":{"line":19,"column":22}}],"line":19},"3":{"loc":{"start":{"line":22,"column":14},"end":{"line":22,"column":46}},"type":"cond-expr","locations":[{"start":{"line":22,"column":24},"end":{"line":22,"column":35}},{"start":{"line":22,"column":38},"end":{"line":22,"column":46}}],"line":22},"4":{"loc":{"start":{"line":26,"column":4},"end":{"line":55,"column":5}},"type":"if","locations":[{"start":{"line":26,"column":4},"end":{"line":55,"column":5}},{"start":{"line":42,"column":9},"end":{"line":55,"column":5}}],"line":26},"5":{"loc":{"start":{"line":28,"column":6},"end":{"line":30,"column":7}},"type":"if","locations":[{"start":{"line":28,"column":6},"end":{"line":30,"column":7}},{"start":{},"end":{}}],"line":28},"6":{"loc":{"start":{"line":33,"column":6},"end":{"line":39,"column":7}},"type":"if","locations":[{"start":{"line":33,"column":6},"end":{"line":39,"column":7}},{"start":{"line":35,"column":13},"end":{"line":39,"column":7}}],"line":33},"7":{"loc":{"start":{"line":35,"column":13},"end":{"line":39,"column":7}},"type":"if","locations":[{"start":{"line":35,"column":13},"end":{"line":39,"column":7}},{"start":{"line":37,"column":13},"end":{"line":39,"column":7}}],"line":35},"8":{"loc":{"start":{"line":46,"column":6},"end":{"line":54,"column":7}},"type":"if","locations":[{"start":{"line":46,"column":6},"end":{"line":54,"column":7}},{"start":{"line":49,"column":13},"end":{"line":54,"column":7}}],"line":46},"9":{"loc":{"start":{"line":49,"column":13},"end":{"line":54,"column":7}},"type":"if","locations":[{"start":{"line":49,"column":13},"end":{"line":54,"column":7}},{"start":{"line":52,"column":13},"end":{"line":54,"column":7}}],"line":49},"10":{"loc":{"start":{"line":70,"column":37},"end":{"line":70,"column":49}},"type":"default-arg","locations":[{"start":{"line":70,"column":47},"end":{"line":70,"column":49}}],"line":70},"11":{"loc":{"start":{"line":71,"column":10},"end":{"line":71,"column":25}},"type":"default-arg","locations":[{"start":{"line":71,"column":20},"end":{"line":71,"column":25}}],"line":71},"12":{"loc":{"start":{"line":71,"column":27},"end":{"line":71,"column":45}},"type":"default-arg","locations":[{"start":{"line":71,"column":43},"end":{"line":71,"column":45}}],"line":71},"13":{"loc":{"start":{"line":72,"column":14},"end":{"line":72,"column":46}},"type":"cond-expr","locations":[{"start":{"line":72,"column":24},"end":{"line":72,"column":35}},{"start":{"line":72,"column":38},"end":{"line":72,"column":46}}],"line":72},"14":{"loc":{"start":{"line":78,"column":31},"end":{"line":78,"column":59}},"type":"binary-expr","locations":[{"start":{"line":78,"column":31},"end":{"line":78,"column":53}},{"start":{"line":78,"column":57},"end":{"line":78,"column":59}}],"line":78},"15":{"loc":{"start":{"line":80,"column":4},"end":{"line":82,"column":5}},"type":"if","locations":[{"start":{"line":80,"column":4},"end":{"line":82,"column":5}},{"start":{},"end":{}}],"line":80},"16":{"loc":{"start":{"line":80,"column":8},"end":{"line":80,"column":26}},"type":"binary-expr","locations":[{"start":{"line":80,"column":8},"end":{"line":80,"column":14}},{"start":{"line":80,"column":18},"end":{"line":80,"column":26}}],"line":80},"17":{"loc":{"start":{"line":94,"column":4},"end":{"line":96,"column":5}},"type":"if","locations":[{"start":{"line":94,"column":4},"end":{"line":96,"column":5}},{"start":{},"end":{}}],"line":94},"18":{"loc":{"start":{"line":98,"column":4},"end":{"line":100,"column":5}},"type":"if","locations":[{"start":{"line":98,"column":4},"end":{"line":100,"column":5}},{"start":{},"end":{}}],"line":98},"19":{"loc":{"start":{"line":117,"column":37},"end":{"line":117,"column":49}},"type":"default-arg","locations":[{"start":{"line":117,"column":47},"end":{"line":117,"column":49}}],"line":117},"20":{"loc":{"start":{"line":118,"column":10},"end":{"line":118,"column":25}},"type":"default-arg","locations":[{"start":{"line":118,"column":20},"end":{"line":118,"column":25}}],"line":118},"21":{"loc":{"start":{"line":118,"column":27},"end":{"line":118,"column":45}},"type":"default-arg","locations":[{"start":{"line":118,"column":43},"end":{"line":118,"column":45}}],"line":118},"22":{"loc":{"start":{"line":119,"column":14},"end":{"line":119,"column":46}},"type":"cond-expr","locations":[{"start":{"line":119,"column":24},"end":{"line":119,"column":35}},{"start":{"line":119,"column":38},"end":{"line":119,"column":46}}],"line":119},"23":{"loc":{"start":{"line":125,"column":31},"end":{"line":125,"column":59}},"type":"binary-expr","locations":[{"start":{"line":125,"column":31},"end":{"line":125,"column":53}},{"start":{"line":125,"column":57},"end":{"line":125,"column":59}}],"line":125},"24":{"loc":{"start":{"line":127,"column":4},"end":{"line":129,"column":5}},"type":"if","locations":[{"start":{"line":127,"column":4},"end":{"line":129,"column":5}},{"start":{},"end":{}}],"line":127},"25":{"loc":{"start":{"line":127,"column":8},"end":{"line":127,"column":26}},"type":"binary-expr","locations":[{"start":{"line":127,"column":8},"end":{"line":127,"column":14}},{"start":{"line":127,"column":18},"end":{"line":127,"column":26}}],"line":127},"26":{"loc":{"start":{"line":150,"column":4},"end":{"line":152,"column":5}},"type":"if","locations":[{"start":{"line":150,"column":4},"end":{"line":152,"column":5}},{"start":{},"end":{}}],"line":150},"27":{"loc":{"start":{"line":169,"column":33},"end":{"line":169,"column":45}},"type":"default-arg","locations":[{"start":{"line":169,"column":43},"end":{"line":169,"column":45}}],"line":169},"28":{"loc":{"start":{"line":171,"column":4},"end":{"line":171,"column":15}},"type":"default-arg","locations":[{"start":{"line":171,"column":11},"end":{"line":171,"column":15}}],"line":171},"29":{"loc":{"start":{"line":172,"column":4},"end":{"line":172,"column":18}},"type":"default-arg","locations":[{"start":{"line":172,"column":13},"end":{"line":172,"column":18}}],"line":172},"30":{"loc":{"start":{"line":173,"column":4},"end":{"line":173,"column":26}},"type":"default-arg","locations":[{"start":{"line":173,"column":24},"end":{"line":173,"column":26}}],"line":173},"31":{"loc":{"start":{"line":176,"column":25},"end":{"line":176,"column":74}},"type":"cond-expr","locations":[{"start":{"line":176,"column":41},"end":{"line":176,"column":56}},{"start":{"line":176,"column":59},"end":{"line":176,"column":74}}],"line":176},"32":{"loc":{"start":{"line":180,"column":2},"end":{"line":183,"column":3}},"type":"if","locations":[{"start":{"line":180,"column":2},"end":{"line":183,"column":3}},{"start":{},"end":{}}],"line":180},"33":{"loc":{"start":{"line":193,"column":23},"end":{"line":193,"column":66}},"type":"cond-expr","locations":[{"start":{"line":193,"column":47},"end":{"line":193,"column":52}},{"start":{"line":193,"column":55},"end":{"line":193,"column":66}}],"line":193},"34":{"loc":{"start":{"line":205,"column":2},"end":{"line":214,"column":3}},"type":"if","locations":[{"start":{"line":205,"column":2},"end":{"line":214,"column":3}},{"start":{},"end":{}}],"line":205}},"s":{"0":1,"1":1,"2":1,"3":1,"4":2,"5":2,"6":2,"7":2,"8":0,"9":0,"10":0,"11":0,"12":0,"13":0,"14":0,"15":0,"16":0,"17":2,"18":2,"19":2,"20":1,"21":1,"22":1,"23":1,"24":1,"25":0,"26":0,"27":0,"28":2,"29":2,"30":2,"31":2,"32":2,"33":2,"34":2,"35":0,"36":2,"37":2,"38":2,"39":2,"40":0,"41":2,"42":0,"43":2,"44":0,"45":0,"46":2,"47":2,"48":2,"49":2,"50":2,"51":2,"52":2,"53":0,"54":2,"55":2,"56":2,"57":2,"58":3,"59":3,"60":3,"61":3,"62":3,"63":2,"64":2,"65":0,"66":2,"67":0,"68":0,"69":0,"70":0,"71":0,"72":0,"73":0,"74":0,"75":0,"76":0,"77":0,"78":0,"79":0,"80":0,"81":0,"82":0,"83":0,"84":0,"85":0,"86":0,"87":0,"88":1},"f":{"0":2,"1":2,"2":2,"3":4,"4":2,"5":7,"6":3,"7":0,"8":0},"b":{"0":[2],"1":[2],"2":[2],"3":[0,2],"4":[0,2],"5":[0,0],"6":[0,0],"7":[0,0],"8":[1,1],"9":[1,0],"10":[1],"11":[1],"12":[1],"13":[0,2],"14":[2,0],"15":[0,2],"16":[2,2],"17":[0,2],"18":[0,2],"19":[1],"20":[1],"21":[1],"22":[0,2],"23":[2,0],"24":[0,2],"25":[2,2],"26":[0,2],"27":[0],"28":[0],"29":[0],"30":[0],"31":[0,0],"32":[0,0],"33":[0,0],"34":[0,0]},"_coverageSchema":"1a1c01bbd47fc00a2c39e90264f33305004495a9","hash":"3839ffb7121304b7403918c01cb5fd1aef11cc98"}
,"C:\\dev\\auto-import-helper\\scripts\\postinstall.js": {"path":"C:\\dev\\auto-import-helper\\scripts\\postinstall.js","statementMap":{"0":{"start":{"line":9,"column":11},"end":{"line":9,"column":24}},"1":{"start":{"line":10,"column":13},"end":{"line":10,"column":28}},"2":{"start":{"line":19,"column":20},"end":{"line":19,"column":40}},"3":{"start":{"line":21,"column":2},"end":{"line":32,"column":3}},"4":{"start":{"line":24,"column":4},"end":{"line":24,"column":52}},"5":{"start":{"line":27,"column":28},"end":{"line":27,"column":66}},"6":{"start":{"line":28,"column":4},"end":{"line":31,"column":5}},"7":{"start":{"line":29,"column":6},"end":{"line":29,"column":99}},"8":{"start":{"line":30,"column":6},"end":{"line":30,"column":34}},"9":{"start":{"line":34,"column":2},"end":{"line":34,"column":21}},"10":{"start":{"line":43,"column":23},"end":{"line":43,"column":42}},"11":{"start":{"line":44,"column":25},"end":{"line":44,"column":73}},"12":{"start":{"line":45,"column":21},"end":{"line":45,"column":59}},"13":{"start":{"line":48,"column":15},"end":{"line":55,"column":3}},"14":{"start":{"line":58,"column":2},"end":{"line":67,"column":3}},"15":{"start":{"line":59,"column":4},"end":{"line":66,"column":7}},"16":{"start":{"line":70,"column":23},"end":{"line":70,"column":27}},"17":{"start":{"line":72,"column":2},"end":{"line":93,"column":3}},"18":{"start":{"line":73,"column":4},"end":{"line":90,"column":5}},"19":{"start":{"line":74,"column":18},"end":{"line":74,"column":54}},"20":{"start":{"line":75,"column":6},"end":{"line":75,"column":39}},"21":{"start":{"line":76,"column":6},"end":{"line":76,"column":81}},"22":{"start":{"line":78,"column":6},"end":{"line":78,"column":78}},"23":{"start":{"line":79,"column":6},"end":{"line":79,"column":87}},"24":{"start":{"line":82,"column":25},"end":{"line":82,"column":61}},"25":{"start":{"line":83,"column":6},"end":{"line":89,"column":7}},"26":{"start":{"line":84,"column":8},"end":{"line":84,"column":48}},"27":{"start":{"line":85,"column":8},"end":{"line":85,"column":55}},"28":{"start":{"line":87,"column":8},"end":{"line":87,"column":69}},"29":{"start":{"line":88,"column":8},"end":{"line":88,"column":21}},"30":{"start":{"line":92,"column":4},"end":{"line":92,"column":69}},"31":{"start":{"line":96,"column":2},"end":{"line":119,"column":3}},"32":{"start":{"line":98,"column":4},"end":{"line":100,"column":5}},"33":{"start":{"line":99,"column":6},"end":{"line":99,"column":42}},"34":{"start":{"line":103,"column":4},"end":{"line":105,"column":5}},"35":{"start":{"line":104,"column":6},"end":{"line":104,"column":52}},"36":{"start":{"line":108,"column":4},"end":{"line":110,"column":5}},"37":{"start":{"line":109,"column":6},"end":{"line":109,"column":48}},"38":{"start":{"line":113,"column":4},"end":{"line":115,"column":5}},"39":{"start":{"line":114,"column":6},"end":{"line":114,"column":65}},"40":{"start":{"line":118,"column":4},"end":{"line":118,"column":28}},"41":{"start":{"line":122,"column":2},"end":{"line":139,"column":3}},"42":{"start":{"line":123,"column":4},"end":{"line":123,"column":66}},"43":{"start":{"line":124,"column":4},"end":{"line":124,"column":118}},"44":{"start":{"line":127,"column":4},"end":{"line":127,"column":58}},"45":{"start":{"line":128,"column":4},"end":{"line":128,"column":71}},"46":{"start":{"line":129,"column":4},"end":{"line":129,"column":106}},"47":{"start":{"line":130,"column":4},"end":{"line":130,"column":77}},"48":{"start":{"line":131,"column":4},"end":{"line":131,"column":37}},"49":{"start":{"line":132,"column":4},"end":{"line":132,"column":50}},"50":{"start":{"line":133,"column":4},"end":{"line":133,"column":70}},"51":{"start":{"line":135,"column":4},"end":{"line":135,"column":16}},"52":{"start":{"line":137,"column":4},"end":{"line":137,"column":67}},"53":{"start":{"line":138,"column":4},"end":{"line":138,"column":17}},"54":{"start":{"line":146,"column":2},"end":{"line":195,"column":3}},"55":{"start":{"line":147,"column":4},"end":{"line":147,"column":83}},"56":{"start":{"line":149,"column":24},"end":{"line":149,"column":40}},"57":{"start":{"line":150,"column":4},"end":{"line":150,"column":57}},"58":{"start":{"line":153,"column":25},"end":{"line":153,"column":64}},"59":{"start":{"line":154,"column":25},"end":{"line":154,"column":64}},"60":{"start":{"line":156,"column":4},"end":{"line":188,"column":5}},"61":{"start":{"line":158,"column":6},"end":{"line":158,"column":38}},"62":{"start":{"line":159,"column":11},"end":{"line":188,"column":5}},"63":{"start":{"line":161,"column":6},"end":{"line":161,"column":38}},"64":{"start":{"line":164,"column":30},"end":{"line":164,"column":68}},"65":{"start":{"line":166,"column":6},"end":{"line":187,"column":7}},"66":{"start":{"line":167,"column":8},"end":{"line":182,"column":9}},"67":{"start":{"line":168,"column":30},"end":{"line":168,"column":83}},"68":{"start":{"line":172,"column":12},"end":{"line":173,"column":83}},"69":{"start":{"line":177,"column":10},"end":{"line":177,"column":65}},"70":{"start":{"line":180,"column":10},"end":{"line":180,"column":95}},"71":{"start":{"line":181,"column":10},"end":{"line":181,"column":42}},"72":{"start":{"line":185,"column":8},"end":{"line":185,"column":86}},"73":{"start":{"line":186,"column":8},"end":{"line":186,"column":40}},"74":{"start":{"line":191,"column":4},"end":{"line":191,"column":58}},"75":{"start":{"line":192,"column":4},"end":{"line":192,"column":63}},"76":{"start":{"line":193,"column":4},"end":{"line":193,"column":86}},"77":{"start":{"line":194,"column":4},"end":{"line":194,"column":46}},"78":{"start":{"line":199,"column":18},"end":{"line":199,"column":99}},"79":{"start":{"line":201,"column":0},"end":{"line":206,"column":1}},"80":{"start":{"line":202,"column":2},"end":{"line":202,"column":19}},"81":{"start":{"line":204,"column":2},"end":{"line":204,"column":78}},"82":{"start":{"line":205,"column":2},"end":{"line":205,"column":60}},"83":{"start":{"line":208,"column":0},"end":{"line":212,"column":2}}},"fnMap":{"0":{"name":"getProjectRoot","decl":{"start":{"line":16,"column":9},"end":{"line":16,"column":23}},"loc":{"start":{"line":16,"column":26},"end":{"line":35,"column":1}},"line":16},"1":{"name":"updateConfig","decl":{"start":{"line":42,"column":9},"end":{"line":42,"column":21}},"loc":{"start":{"line":42,"column":47},"end":{"line":140,"column":1}},"line":42},"2":{"name":"runPostInstall","decl":{"start":{"line":145,"column":9},"end":{"line":145,"column":23}},"loc":{"start":{"line":145,"column":26},"end":{"line":196,"column":1}},"line":145}},"branchMap":{"0":{"loc":{"start":{"line":21,"column":2},"end":{"line":32,"column":3}},"type":"if","locations":[{"start":{"line":21,"column":2},"end":{"line":32,"column":3}},{"start":{},"end":{}}],"line":21},"1":{"loc":{"start":{"line":28,"column":4},"end":{"line":31,"column":5}},"type":"if","locations":[{"start":{"line":28,"column":4},"end":{"line":31,"column":5}},{"start":{},"end":{}}],"line":28},"2":{"loc":{"start":{"line":44,"column":25},"end":{"line":44,"column":73}},"type":"cond-expr","locations":[{"start":{"line":44,"column":40},"end":{"line":44,"column":55}},{"start":{"line":44,"column":58},"end":{"line":44,"column":73}}],"line":44},"3":{"loc":{"start":{"line":58,"column":2},"end":{"line":67,"column":3}},"type":"if","locations":[{"start":{"line":58,"column":2},"end":{"line":67,"column":3}},{"start":{},"end":{}}],"line":58},"4":{"loc":{"start":{"line":72,"column":2},"end":{"line":93,"column":3}},"type":"if","locations":[{"start":{"line":72,"column":2},"end":{"line":93,"column":3}},{"start":{"line":91,"column":9},"end":{"line":93,"column":3}}],"line":72},"5":{"loc":{"start":{"line":96,"column":2},"end":{"line":119,"column":3}},"type":"if","locations":[{"start":{"line":96,"column":2},"end":{"line":119,"column":3}},{"start":{},"end":{}}],"line":96},"6":{"loc":{"start":{"line":98,"column":4},"end":{"line":100,"column":5}},"type":"if","locations":[{"start":{"line":98,"column":4},"end":{"line":100,"column":5}},{"start":{},"end":{}}],"line":98},"7":{"loc":{"start":{"line":103,"column":4},"end":{"line":105,"column":5}},"type":"if","locations":[{"start":{"line":103,"column":4},"end":{"line":105,"column":5}},{"start":{},"end":{}}],"line":103},"8":{"loc":{"start":{"line":108,"column":4},"end":{"line":110,"column":5}},"type":"if","locations":[{"start":{"line":108,"column":4},"end":{"line":110,"column":5}},{"start":{},"end":{}}],"line":108},"9":{"loc":{"start":{"line":113,"column":4},"end":{"line":115,"column":5}},"type":"if","locations":[{"start":{"line":113,"column":4},"end":{"line":115,"column":5}},{"start":{},"end":{}}],"line":113},"10":{"loc":{"start":{"line":124,"column":32},"end":{"line":124,"column":70}},"type":"cond-expr","locations":[{"start":{"line":124,"column":49},"end":{"line":124,"column":58}},{"start":{"line":124,"column":61},"end":{"line":124,"column":70}}],"line":124},"11":{"loc":{"start":{"line":156,"column":4},"end":{"line":188,"column":5}},"type":"if","locations":[{"start":{"line":156,"column":4},"end":{"line":188,"column":5}},{"start":{"line":159,"column":11},"end":{"line":188,"column":5}}],"line":156},"12":{"loc":{"start":{"line":159,"column":11},"end":{"line":188,"column":5}},"type":"if","locations":[{"start":{"line":159,"column":11},"end":{"line":188,"column":5}},{"start":{"line":162,"column":11},"end":{"line":188,"column":5}}],"line":159},"13":{"loc":{"start":{"line":166,"column":6},"end":{"line":187,"column":7}},"type":"if","locations":[{"start":{"line":166,"column":6},"end":{"line":187,"column":7}},{"start":{"line":183,"column":13},"end":{"line":187,"column":7}}],"line":166},"14":{"loc":{"start":{"line":172,"column":12},"end":{"line":173,"column":83}},"type":"binary-expr","locations":[{"start":{"line":172,"column":13},"end":{"line":172,"column":37}},{"start":{"line":172,"column":41},"end":{"line":172,"column":76}},{"start":{"line":173,"column":13},"end":{"line":173,"column":40}},{"start":{"line":173,"column":44},"end":{"line":173,"column":82}}],"line":172},"15":{"loc":{"start":{"line":177,"column":23},"end":{"line":177,"column":50}},"type":"cond-expr","locations":[{"start":{"line":177,"column":39},"end":{"line":177,"column":43}},{"start":{"line":177,"column":46},"end":{"line":177,"column":50}}],"line":177},"16":{"loc":{"start":{"line":199,"column":18},"end":{"line":199,"column":99}},"type":"binary-expr","locations":[{"start":{"line":199,"column":18},"end":{"line":199,"column":58}},{"start":{"line":199,"column":62},"end":{"line":199,"column":99}}],"line":199},"17":{"loc":{"start":{"line":201,"column":0},"end":{"line":206,"column":1}},"type":"if","locations":[{"start":{"line":201,"column":0},"end":{"line":206,"column":1}},{"start":{"line":203,"column":7},"end":{"line":206,"column":1}}],"line":201}},"s":{"0":1,"1":1,"2":3,"3":3,"4":0,"5":0,"6":0,"7":0,"8":0,"9":3,"10":4,"11":4,"12":4,"13":4,"14":4,"15":4,"16":4,"17":4,"18":2,"19":2,"20":2,"21":1,"22":1,"23":1,"24":1,"25":1,"26":1,"27":1,"28":0,"29":0,"30":2,"31":4,"32":1,"33":0,"34":1,"35":1,"36":1,"37":0,"38":1,"39":1,"40":1,"41":4,"42":4,"43":4,"44":4,"45":4,"46":4,"47":4,"48":4,"49":4,"50":4,"51":4,"52":0,"53":0,"54":2,"55":2,"56":2,"57":2,"58":2,"59":2,"60":2,"61":1,"62":1,"63":0,"64":1,"65":1,"66":0,"67":0,"68":0,"69":0,"70":0,"71":0,"72":1,"73":1,"74":0,"75":0,"76":0,"77":0,"78":1,"79":1,"80":1,"81":0,"82":0,"83":1},"f":{"0":3,"1":4,"2":2},"b":{"0":[0,3],"1":[0,0],"2":[4,0],"3":[4,0],"4":[2,2],"5":[1,3],"6":[0,1],"7":[1,0],"8":[0,1],"9":[1,0],"10":[1,3],"11":[1,1],"12":[0,1],"13":[0,1],"14":[0,0,0,0],"15":[0,0],"16":[1,1],"17":[1,0]},"_coverageSchema":"1a1c01bbd47fc00a2c39e90264f33305004495a9","hash":"2a6cffa7acf08e287717b8be5c9a9b3ba91bd3a1"}
}
