TN:
SF:index.js
FN:15,setupAliases
FN:22,(anonymous_1)
FN:70,registerTSPaths
FN:72,(anonymous_3)
FN:117,registerJSPaths
FN:119,(anonymous_5)
FN:137,(anonymous_6)
FN:169,createConfigWithAliases
FN:191,(anonymous_8)
FNF:9
FNH:7
FNDA:2,setupAliases
FNDA:2,(anonymous_1)
FNDA:2,registerTSPaths
FNDA:4,(anonymous_3)
FNDA:2,registerJSPaths
FNDA:7,(anonymous_5)
FNDA:3,(anonymous_6)
FNDA:0,createConfigWithAliases
FNDA:0,(anonymous_8)
DA:2,1
DA:3,1
DA:4,1
DA:5,1
DA:20,2
DA:22,2
DA:24,2
DA:26,2
DA:27,0
DA:28,0
DA:29,0
DA:31,0
DA:33,0
DA:34,0
DA:35,0
DA:36,0
DA:38,0
DA:43,2
DA:44,2
DA:46,2
DA:47,1
DA:48,1
DA:49,1
DA:50,1
DA:51,1
DA:53,0
DA:57,0
DA:58,0
DA:71,2
DA:72,2
DA:74,2
DA:75,2
DA:76,2
DA:78,2
DA:80,2
DA:81,0
DA:84,2
DA:85,2
DA:88,2
DA:94,2
DA:95,0
DA:98,2
DA:99,0
DA:102,2
DA:104,0
DA:105,0
DA:118,2
DA:119,2
DA:121,2
DA:122,2
DA:123,2
DA:125,2
DA:127,2
DA:128,0
DA:131,2
DA:132,2
DA:134,2
DA:137,2
DA:139,3
DA:140,3
DA:141,3
DA:143,3
DA:144,3
DA:148,2
DA:150,2
DA:151,0
DA:154,2
DA:156,0
DA:157,0
DA:174,0
DA:176,0
DA:177,0
DA:180,0
DA:181,0
DA:182,0
DA:186,0
DA:191,0
DA:193,0
DA:194,0
DA:197,0
DA:205,0
DA:206,0
DA:216,0
DA:217,0
DA:218,0
DA:219,0
DA:221,0
DA:222,0
DA:226,1
LF:89
LH:49
BRDA:15,0,0,2
BRDA:18,1,0,2
BRDA:19,2,0,2
BRDA:22,3,0,0
BRDA:22,3,1,2
BRDA:26,4,0,0
BRDA:26,4,1,2
BRDA:28,5,0,0
BRDA:28,5,1,0
BRDA:33,6,0,0
BRDA:33,6,1,0
BRDA:35,7,0,0
BRDA:35,7,1,0
BRDA:46,8,0,1
BRDA:46,8,1,1
BRDA:49,9,0,1
BRDA:49,9,1,0
BRDA:70,10,0,1
BRDA:71,11,0,1
BRDA:71,12,0,1
BRDA:72,13,0,0
BRDA:72,13,1,2
BRDA:78,14,0,2
BRDA:78,14,1,0
BRDA:80,15,0,0
BRDA:80,15,1,2
BRDA:80,16,0,2
BRDA:80,16,1,2
BRDA:94,17,0,0
BRDA:94,17,1,2
BRDA:98,18,0,0
BRDA:98,18,1,2
BRDA:117,19,0,1
BRDA:118,20,0,1
BRDA:118,21,0,1
BRDA:119,22,0,0
BRDA:119,22,1,2
BRDA:125,23,0,2
BRDA:125,23,1,0
BRDA:127,24,0,0
BRDA:127,24,1,2
BRDA:127,25,0,2
BRDA:127,25,1,2
BRDA:150,26,0,0
BRDA:150,26,1,2
BRDA:169,27,0,0
BRDA:171,28,0,0
BRDA:172,29,0,0
BRDA:173,30,0,0
BRDA:176,31,0,0
BRDA:176,31,1,0
BRDA:180,32,0,0
BRDA:180,32,1,0
BRDA:193,33,0,0
BRDA:193,33,1,0
BRDA:205,34,0,0
BRDA:205,34,1,0
BRF:57
BRH:27
end_of_record
TN:
SF:scripts\postinstall.js
FN:16,getProjectRoot
FN:42,updateConfig
FN:145,runPostInstall
FNF:3
FNH:3
FNDA:3,getProjectRoot
FNDA:4,updateConfig
FNDA:2,runPostInstall
DA:9,1
DA:10,1
DA:19,3
DA:21,3
DA:24,0
DA:27,0
DA:28,0
DA:29,0
DA:30,0
DA:34,3
DA:43,4
DA:44,4
DA:45,4
DA:48,4
DA:58,4
DA:59,4
DA:70,4
DA:72,4
DA:73,2
DA:74,2
DA:75,2
DA:76,1
DA:78,1
DA:79,1
DA:82,1
DA:83,1
DA:84,1
DA:85,1
DA:87,0
DA:88,0
DA:92,2
DA:96,4
DA:98,1
DA:99,0
DA:103,1
DA:104,1
DA:108,1
DA:109,0
DA:113,1
DA:114,1
DA:118,1
DA:122,4
DA:123,4
DA:124,4
DA:127,4
DA:128,4
DA:129,4
DA:130,4
DA:131,4
DA:132,4
DA:133,4
DA:135,4
DA:137,0
DA:138,0
DA:146,2
DA:147,2
DA:149,2
DA:150,2
DA:153,2
DA:154,2
DA:156,2
DA:158,1
DA:159,1
DA:161,0
DA:164,1
DA:166,1
DA:167,0
DA:168,0
DA:172,0
DA:177,0
DA:180,0
DA:181,0
DA:185,1
DA:186,1
DA:191,0
DA:192,0
DA:193,0
DA:194,0
DA:199,1
DA:201,1
DA:202,1
DA:204,0
DA:205,0
DA:208,1
LF:84
LH:60
BRDA:21,0,0,0
BRDA:21,0,1,3
BRDA:28,1,0,0
BRDA:28,1,1,0
BRDA:44,2,0,4
BRDA:44,2,1,0
BRDA:58,3,0,4
BRDA:58,3,1,0
BRDA:72,4,0,2
BRDA:72,4,1,2
BRDA:96,5,0,1
BRDA:96,5,1,3
BRDA:98,6,0,0
BRDA:98,6,1,1
BRDA:103,7,0,1
BRDA:103,7,1,0
BRDA:108,8,0,0
BRDA:108,8,1,1
BRDA:113,9,0,1
BRDA:113,9,1,0
BRDA:124,10,0,1
BRDA:124,10,1,3
BRDA:156,11,0,1
BRDA:156,11,1,1
BRDA:159,12,0,0
BRDA:159,12,1,1
BRDA:166,13,0,0
BRDA:166,13,1,1
BRDA:172,14,0,0
BRDA:172,14,1,0
BRDA:172,14,2,0
BRDA:172,14,3,0
BRDA:177,15,0,0
BRDA:177,15,1,0
BRDA:199,16,0,1
BRDA:199,16,1,1
BRDA:201,17,0,1
BRDA:201,17,1,0
BRF:38
BRH:20
end_of_record
